<?xml version="1.0" encoding="UTF-8"?>
<!-- Generated by org.testng.reporters.JUnitReportReporter -->
<testsuite skipped="0" hostname="DESKTOP-IJLUITG" name="com.jayanti.TC_Browser" tests="2" failures="0" timestamp="2022-01-25T15:33:45 IST" time="9.130" errors="0">
  <testcase name="HomePage" time="6.385" classname="com.jayanti.TC_Browser"/>
  <system-out/>
  <testcase name="HomePage" time="2.745" classname="com.jayanti.TC_Browser"/>
  <system-out/>
</testsuite> <!-- com.jayanti.TC_Browser -->
