<?xml version="1.0" encoding="UTF-8"?>
<!-- Generated by org.testng.reporters.JUnitReportReporter -->
<testsuite skipped="0" hostname="DESKTOP-IJLUITG" name="com.jayanti.NavigationBar" tests="1" failures="0" timestamp="2022-01-25T11:04:12 IST" time="2.137" errors="0">
  <testcase name="HomePage" time="2.137" classname="com.jayanti.NavigationBar"/>
  <system-out/>
</testsuite> <!-- com.jayanti.NavigationBar -->
