<?xml version="1.0" encoding="UTF-8"?>
<!-- Generated by org.testng.reporters.JUnitReportReporter -->
<testsuite skipped="0" hostname="DESKTOP-IJLUITG" name="com.jayanti.TC_Browser" tests="2" failures="0" timestamp="2022-01-25T15:53:59 IST" time="59.201" errors="0">
  <testcase name="HomePage" time="53.591" classname="com.jayanti.TC_Browser"/>
  <system-out/>
  <testcase name="HomePage" time="5.610" classname="com.jayanti.TC_Browser"/>
  <system-out/>
</testsuite> <!-- com.jayanti.TC_Browser -->
