<?xml version="1.0" encoding="UTF-8"?>
<!-- Generated by org.testng.reporters.JUnitReportReporter -->
<testsuite skipped="0" hostname="DESKTOP-IJLUITG" name="com.jayanti.NavigationBar" tests="1" failures="0" timestamp="2022-01-25T15:53:59 IST" time="2.705" errors="0">
  <testcase name="HomePage" time="2.705" classname="com.jayanti.NavigationBar"/>
  <system-out/>
</testsuite> <!-- com.jayanti.NavigationBar -->
